<?xml version="1.0" encoding="UTF-8"?>
<!-- Generated by org.testng.reporters.JUnitReportReporter -->
<testsuite hostname="DESKTOP-9I4PVSE" failures="0" tests="1" name="practice_package.Class_Practice" time="0.017" errors="0" timestamp="2020-06-23T18:27:36 IST" skipped="0">
  <testcase classname="practice_package.Class_Practice" name="test1" time="0.017"/>
  <system-out/>
</testsuite> <!-- practice_package.Class_Practice -->
